0 info it worked if it ends with ok
1 verbose cli [ 'node', '/usr/local/bin/npm', 'publish' ]
2 info using npm@2.1.3
3 info using node@v0.10.32
4 verbose node symlink /usr/local/bin/node
5 verbose publish [ '.' ]
6 silly cache add args [ '.', null ]
7 verbose cache add spec .
8 silly cache add parsed spec { raw: '.',
8 silly cache add   scope: null,
8 silly cache add   name: null,
8 silly cache add   rawSpec: '.',
8 silly cache add   spec: '/Users/Connor/Repos/personal/TypeWriter',
8 silly cache add   type: 'directory' }
9 verbose tar pack [ '/Users/Connor/.npm/typewriter/0.0.2/package.tgz',
9 verbose tar pack   '/Users/Connor/Repos/personal/TypeWriter' ]
10 verbose tarball /Users/Connor/.npm/typewriter/0.0.2/package.tgz
11 verbose folder /Users/Connor/Repos/personal/TypeWriter
12 info prepublish typewriter@0.0.2
13 verbose addLocalTarball adding from inside cache /Users/Connor/.npm/typewriter/0.0.2/package.tgz
14 verbose afterAdd /Users/Connor/.npm/typewriter/0.0.2/package/package.json not in flight; writing
15 silly publish { name: 'typewriter',
15 silly publish   version: '0.0.2',
15 silly publish   description: 'An easy way to animate simple svg elements.',
15 silly publish   main: '/src/TypeWriter.js',
15 silly publish   scripts: { test: 'echo "Error: no test specified" && exit 1' },
15 silly publish   repository:
15 silly publish    { type: 'git',
15 silly publish      url: 'https://github.com/ConnorAtherton/typewriter.git' },
15 silly publish   keywords: [ 'text' ],
15 silly publish   author: { name: 'Connor Atherton' },
15 silly publish   license: 'MIT',
15 silly publish   bugs: { url: 'https://github.com/ConnorAtherton/typewriter/issues' },
15 silly publish   homepage: 'https://github.com/ConnorAtherton/typewriter',
15 silly publish   dependencies:
15 silly publish    { gulp: '~3.8.8',
15 silly publish      'gulp-load-plugins': '~0.7.0',
15 silly publish      'gulp-uglify': '~1.0.1',
15 silly publish      'jshint-stylish': '~1.0.0',
15 silly publish      'gulp-jshint': '~1.8.5',
15 silly publish      'gulp-rename': '~1.2.0' },
15 silly publish   readme: 'TypeWriter\n==========\n\nTypeWriter provides an easy way to print out text on the web. It comes with a\nfew different configuration options that are all documented below.\n\nSee some examples [here](http://connoratherton/typewriter).\n\n### Letter by letter, fixed interval.\n\n``` js\nvar tw = new TypeWriter(\'.example-1-output\', {\n    text: \'I love printing text! Pity my intervals are the same each time.\',\n    interval: 100\n});\n\ntw.type();\n```\n\n### Letter by letter, random natural human interval.\n\n``` js\nvar tw = new TypeWriter(\'.example-2-output\', {\n    text: \'My intervals are randomised to look like a human is typing.\',\n    interval: \'human\'\n});\n\ntw.type();\n```\n\n### Word by work, fixed interval\n\n``` js\nvar tw = new TypeWriter(\'.example-3-output\', {\n    text: \'I LOVE PRINTING THE MOST!\',\n    interval: 500,\n    words: true\n});\n\ntw.type();\n```\n\n### Letter by letter, random natural human interval with bounds specified and a callback on completion.\n\n``` js\nvar tw = new TypeWriter(\'.example-4-output\', {\n    text: \'Woah! So glad this is the last example I have to sit through.\',\n    interval: \'human\',\n    lowerBound: 30,\n    upperBound: 130\n});\n\ntw.type(function() {\n    console.log(\'Finished typing now\');\n});\n```\n\n### All options\n\n``` js\nvar tw = new TypeWriter(\'selector\', {\n    text: \'The text to write into the selector\',\n    words: false, // Optional. Defaults to false.\n    interval: \'human\' || 300, // Optional. Defaults to human.\n    lowerBound: 30 || null, // Optional. Defaults to 30ms\n    upperBound: 200 || null // Optional. Defaults to 200ms\n});\n\ntw.type(callback)\n```\n',
15 silly publish   readmeFilename: 'README.md',
15 silly publish   gitHead: 'b631300b8595e6fb932fb04dbbadda6456065bf8',
15 silly publish   _id: 'typewriter@0.0.2',
15 silly publish   _shasum: '6a6a3dfa63dbcc1a1eac2df6842629b29e299829',
15 silly publish   _from: '.' }
16 verbose mapToRegistry name typewriter
17 verbose mapToRegistry uri https://registry.npmjs.org/typewriter
18 verbose publish registryBase https://registry.npmjs.org/
19 verbose request on initialization, where is /typewriter
20 verbose request after pass 1, where is /typewriter
21 verbose request url raw /typewriter
22 verbose request resolving registry [ 'https://registry.npmjs.org/', './typewriter' ]
23 verbose request after pass 2, where is https://registry.npmjs.org/typewriter
24 verbose request sending authorization for write operation
25 info attempt registry request try #1 at 22:23:34
26 verbose request id 7ae6844053835b55
27 http request PUT https://registry.npmjs.org/typewriter
28 http 403 https://registry.npmjs.org/typewriter
29 verbose headers { date: 'Fri, 05 Dec 2014 06:23:35 GMT',
29 verbose headers   server: 'CouchDB/1.5.0 (Erlang OTP/R16B03)',
29 verbose headers   'content-type': 'application/json',
29 verbose headers   'cache-control': 'max-age=60',
29 verbose headers   'content-length': '7059',
29 verbose headers   'accept-ranges': 'bytes',
29 verbose headers   via: '1.1 varnish',
29 verbose headers   'x-served-by': 'cache-lax1432-LAX',
29 verbose headers   'x-cache': 'MISS',
29 verbose headers   'x-cache-hits': '0',
29 verbose headers   'x-timer': 'S1417760615.343646,VS0,VE115',
29 verbose headers   'keep-alive': 'timeout=10, max=50',
29 verbose headers   connection: 'Keep-Alive' }
30 error publish Failed PUT 403
31 verbose stack Error: forbidden user: connoratherton not authorized to modify typewriter
31 verbose stack Changed: description "A library for simulating typewriter effect in the browser" -> "An easy way to animate simple svg elements."
31 verbose stack Changed: dist-tags.latest "0.2.0" -> "0.0.2"
31 verbose stack Added: versions.0.0.2
31 verbose stack Changed: readme "# realistic-typewriter.js\u000a[![Build Status](https://travis-ci.org/fardjad/realistic-typewriter.js.png?branch=master)](https://travis-ci.org/fardjad/realistic-typewriter.js)\u000a[![Dependency Status](https://gemnasium.com/fardjad/realistic-typewriter.js.png)](https://gemnasium.com/fardjad/realistic-typewriter.js)\u000a\u000aA library for simulating typewriter effect in the browser.\u000a\u000a![Demo](https://github.com/fardjad/realistic-typewriter.js/raw/master/gfx/demo.gif)\u000a\u000aCurrent version is **0.2**. It is a complete rewrite of the previous version.\u000aThe Documentation is still incomplete (look at the examples for now.)\u000a\u000a**v0.1** is available\u000a[here](https://github.com/fardjad/realistic-typewriter.js/tree/v0.1).\u000a\u000a## Usage\u000a\u000a    var tw = typewriter(targetDomElement).withAccuracy(90)\u000a                                         .withMinimumSpeed(5)\u000a                                         .withMaximumSpeed(10)\u000a                                         .build();\u000a\u000a    tw.clear()\u000a      .put('$ ')\u000a      .waitRange(1000, 2000)\u000a      .type('whoami')\u000a      .put('<br/>')\u000a      .wait(2000)\u000a      .put('realistic-typewriter.js', function () {\u000a        console.log('yeah');\u000a      })\u000a      .put('<br/>')\u000a      .waitRange(500, 1000)\u000a      .put('$ ')\u000a      .waitRange(1000, 2000)\u000a      .type('exit', function () {\u000a        console.log('finished');\u000a      });\u000a\u000a## Showcase\u000a\u000aDid something interesting with **realistic-typewriter.js**?\u000a\u000aFeel free to add it here (or tweet [me](https://twitter.com/therealfardjad)).\u000a\u000a## Installation\u000a\u000aYou can use this library with [browserify](http://browserify.org/) or download\u000aa pre-compiled version (see below) from the project's\u000a[releases page](https://github.com/fardjad/realistic-typewriter.js/releases).\u000a\u000a<blockquote>\u000a<strong>build/typewriter-bundle.js</strong> is the browserify bundle.<br/>\u000a<strong>build/typewriter-bundle.min.js</strong> is the minified version of the browserify bundle.<br/>\u000a<strong>build/typewriter-bundle-sa.js</strong> is the UMD browserify bundle.<br/>\u000a<strong>build/typewriter-bundle-sa.min.js</strong> is the minified version of the UMD browserify bundle.<br/>\u000a</blockquote>\u000a\u000a## Building from source-code\u000a\u000a### Requirements\u000a\u000aNode.js v0.10+\u000a\u000a### Instructions\u000a\u000a1. Clone the repository\u000a2. run `npm install`\u000a\u000a### Cake tasks\u000a\u000aInstall CoffeeScript globally and run `cake` to see available tasks.\u000a\u000a## Contributing\u000a\u000aYou are welcome to contribute via pull requests; fork the repository,\u000amake your changes and submit a pull request.\u000a\u000a## License\u000a\u000aCopyright (c) 2013 Fardjad Davari\u000a\u000aPermission is hereby granted, free of charge, to any person obtaining a copy\u000aof this software and associated documentation files (the \"Software\"), to deal\u000ain the Software without restriction, including without limitation the rights\u000ato use, copy, modify, merge, publish, distribute, sublicense, and/or sell\u000acopies of the Software, and to permit persons to whom the Software is\u000afurnished to do so, subject to the following conditions:\u000a\u000aThe above copyright notice and this permission notice shall be included in all\u000acopies or substantial portions of the Software.\u000a\u000aTHE SOFTWARE IS PROVIDED \"AS IS\", WITHOUT WARRANTY OF ANY KIND, EXPRESS OR\u000aIMPLIED, INCLUDING BUT NOT LIMITED TO THE WARRANTIES OF MERCHANTABILITY,\u000aFITNESS FOR A PARTICULAR PURPOSE AND NONINFRINGEMENT. IN NO EVENT SHALL THE\u000aAUTHORS OR COPYRIGHT HOLDERS BE LIABLE FOR ANY CLAIM, DAMAGES OR OTHER\u000aLIABILITY, WHETHER IN AN ACTION OF CONTRACT, TORT OR OTHERWISE, ARISING FROM,\u000aOUT OF OR IN CONNECTION WITH THE SOFTWARE OR THE USE OR OTHER DEALINGS IN THE\u000aSOFTWARE." -> "TypeWriter\u000a==========\u000a\u000aTypeWriter provides an easy way to print out text on the web. It comes with a\u000afew different configuration options that are all documented below.\u000a\u000aSee some examples [here](http://connoratherton/typewriter).\u000a\u000a### Letter by letter, fixed interval.\u000a\u000a``` js\u000avar tw = new TypeWriter('.example-1-output', {\u000a    text: 'I love printing text! Pity my intervals are the same each time.',\u000a    interval: 100\u000a});\u000a\u000atw.type();\u000a```\u000a\u000a### Letter by letter, random natural human interval.\u000a\u000a``` js\u000avar tw = new TypeWriter('.example-2-output', {\u000a    text: 'My intervals are randomised to look like a human is typing.',\u000a    interval: 'human'\u000a});\u000a\u000atw.type();\u000a```\u000a\u000a### Word by work, fixed interval\u000a\u000a``` js\u000avar tw = new TypeWriter('.example-3-output', {\u000a    text: 'I LOVE PRINTING THE MOST!',\u000a    interval: 500,\u000a    words: true\u000a});\u000a\u000atw.type();\u000a```\u000a\u000a### Letter by letter, random natural human interval with bounds specified and a callback on completion.\u000a\u000a``` js\u000avar tw = new TypeWriter('.example-4-output', {\u000a    text: 'Woah! So glad this is the last example I have to sit through.',\u000a    interval: 'human',\u000a    lowerBound: 30,\u000a    upperBound: 130\u000a});\u000a\u000atw.type(function() {\u000a    console.log('Finished typing now');\u000a});\u000a```\u000a\u000a### All options\u000a\u000a``` js\u000avar tw = new TypeWriter('selector', {\u000a    text: 'The text to write into the selector',\u000a    words: false, // Optional. Defaults to false.\u000a    interval: 'human' || 300, // Optional. Defaults to human.\u000a    lowerBound: 30 || null, // Optional. Defaults to 30ms\u000a    upperBound: 200 || null // Optional. Defaults to 200ms\u000a});\u000a\u000atw.type(callback)\u000a```\u000a"
31 verbose stack Changed: time.modified "2013-11-24T19:41:56.886Z" -> "2014-12-05T06:24:40.438Z"
31 verbose stack Added: time.0.0.2
31 verbose stack Changed: author.name "Fardjad Davari" -> "Connor Atherton"
31 verbose stack Deleted: author.email
31 verbose stack Changed: repository.url "https://github.com/fardjad/realistic-typewriter.js" -> "https://github.com/ConnorAtherton/typewriter.git"
31 verbose stack Changed: keywords.0 "realisitc-typewriter.js" -> "text"
31 verbose stack Deleted: keywords.1
31 verbose stack Deleted: contributors
31 verbose stack Changed: bugs.url "https://github.com/fardjad/realistic-typewriter.js/issues" -> "https://github.com/ConnorAtherton/typewriter/issues"
31 verbose stack Added: homepage
31 verbose stack Added: _attachments: typewriter
31 verbose stack     at RegClient.<anonymous> (/usr/local/lib/node_modules/npm/node_modules/npm-registry-client/lib/request.js:260:14)
31 verbose stack     at Request._callback (/usr/local/lib/node_modules/npm/node_modules/npm-registry-client/lib/request.js:197:65)
31 verbose stack     at Request.self.callback (/usr/local/lib/node_modules/npm/node_modules/request/request.js:237:22)
31 verbose stack     at Request.emit (events.js:98:17)
31 verbose stack     at Request.<anonymous> (/usr/local/lib/node_modules/npm/node_modules/request/request.js:1146:14)
31 verbose stack     at Request.emit (events.js:117:20)
31 verbose stack     at IncomingMessage.<anonymous> (/usr/local/lib/node_modules/npm/node_modules/request/request.js:1097:12)
31 verbose stack     at IncomingMessage.emit (events.js:117:20)
31 verbose stack     at _stream_readable.js:943:16
31 verbose stack     at process._tickCallback (node.js:419:13)
32 verbose statusCode 403
33 verbose pkgid typewriter
34 verbose cwd /Users/Connor/Repos/personal/TypeWriter
35 error Darwin 13.4.0
36 error argv "node" "/usr/local/bin/npm" "publish"
37 error node v0.10.32
38 error npm  v2.1.3
39 error code E403
40 error forbidden user: connoratherton not authorized to modify typewriter
40 error Changed: description "A library for simulating typewriter effect in the browser" -> "An easy way to animate simple svg elements."
40 error Changed: dist-tags.latest "0.2.0" -> "0.0.2"
40 error Added: versions.0.0.2
40 error Changed: readme "# realistic-typewriter.js\u000a[![Build Status](https://travis-ci.org/fardjad/realistic-typewriter.js.png?branch=master)](https://travis-ci.org/fardjad/realistic-typewriter.js)\u000a[![Dependency Status](https://gemnasium.com/fardjad/realistic-typewriter.js.png)](https://gemnasium.com/fardjad/realistic-typewriter.js)\u000a\u000aA library for simulating typewriter effect in the browser.\u000a\u000a![Demo](https://github.com/fardjad/realistic-typewriter.js/raw/master/gfx/demo.gif)\u000a\u000aCurrent version is **0.2**. It is a complete rewrite of the previous version.\u000aThe Documentation is still incomplete (look at the examples for now.)\u000a\u000a**v0.1** is available\u000a[here](https://github.com/fardjad/realistic-typewriter.js/tree/v0.1).\u000a\u000a## Usage\u000a\u000a    var tw = typewriter(targetDomElement).withAccuracy(90)\u000a                                         .withMinimumSpeed(5)\u000a                                         .withMaximumSpeed(10)\u000a                                         .build();\u000a\u000a    tw.clear()\u000a      .put('$ ')\u000a      .waitRange(1000, 2000)\u000a      .type('whoami')\u000a      .put('<br/>')\u000a      .wait(2000)\u000a      .put('realistic-typewriter.js', function () {\u000a        console.log('yeah');\u000a      })\u000a      .put('<br/>')\u000a      .waitRange(500, 1000)\u000a      .put('$ ')\u000a      .waitRange(1000, 2000)\u000a      .type('exit', function () {\u000a        console.log('finished');\u000a      });\u000a\u000a## Showcase\u000a\u000aDid something interesting with **realistic-typewriter.js**?\u000a\u000aFeel free to add it here (or tweet [me](https://twitter.com/therealfardjad)).\u000a\u000a## Installation\u000a\u000aYou can use this library with [browserify](http://browserify.org/) or download\u000aa pre-compiled version (see below) from the project's\u000a[releases page](https://github.com/fardjad/realistic-typewriter.js/releases).\u000a\u000a<blockquote>\u000a<strong>build/typewriter-bundle.js</strong> is the browserify bundle.<br/>\u000a<strong>build/typewriter-bundle.min.js</strong> is the minified version of the browserify bundle.<br/>\u000a<strong>build/typewriter-bundle-sa.js</strong> is the UMD browserify bundle.<br/>\u000a<strong>build/typewriter-bundle-sa.min.js</strong> is the minified version of the UMD browserify bundle.<br/>\u000a</blockquote>\u000a\u000a## Building from source-code\u000a\u000a### Requirements\u000a\u000aNode.js v0.10+\u000a\u000a### Instructions\u000a\u000a1. Clone the repository\u000a2. run `npm install`\u000a\u000a### Cake tasks\u000a\u000aInstall CoffeeScript globally and run `cake` to see available tasks.\u000a\u000a## Contributing\u000a\u000aYou are welcome to contribute via pull requests; fork the repository,\u000amake your changes and submit a pull request.\u000a\u000a## License\u000a\u000aCopyright (c) 2013 Fardjad Davari\u000a\u000aPermission is hereby granted, free of charge, to any person obtaining a copy\u000aof this software and associated documentation files (the \"Software\"), to deal\u000ain the Software without restriction, including without limitation the rights\u000ato use, copy, modify, merge, publish, distribute, sublicense, and/or sell\u000acopies of the Software, and to permit persons to whom the Software is\u000afurnished to do so, subject to the following conditions:\u000a\u000aThe above copyright notice and this permission notice shall be included in all\u000acopies or substantial portions of the Software.\u000a\u000aTHE SOFTWARE IS PROVIDED \"AS IS\", WITHOUT WARRANTY OF ANY KIND, EXPRESS OR\u000aIMPLIED, INCLUDING BUT NOT LIMITED TO THE WARRANTIES OF MERCHANTABILITY,\u000aFITNESS FOR A PARTICULAR PURPOSE AND NONINFRINGEMENT. IN NO EVENT SHALL THE\u000aAUTHORS OR COPYRIGHT HOLDERS BE LIABLE FOR ANY CLAIM, DAMAGES OR OTHER\u000aLIABILITY, WHETHER IN AN ACTION OF CONTRACT, TORT OR OTHERWISE, ARISING FROM,\u000aOUT OF OR IN CONNECTION WITH THE SOFTWARE OR THE USE OR OTHER DEALINGS IN THE\u000aSOFTWARE." -> "TypeWriter\u000a==========\u000a\u000aTypeWriter provides an easy way to print out text on the web. It comes with a\u000afew different configuration options that are all documented below.\u000a\u000aSee some examples [here](http://connoratherton/typewriter).\u000a\u000a### Letter by letter, fixed interval.\u000a\u000a``` js\u000avar tw = new TypeWriter('.example-1-output', {\u000a    text: 'I love printing text! Pity my intervals are the same each time.',\u000a    interval: 100\u000a});\u000a\u000atw.type();\u000a```\u000a\u000a### Letter by letter, random natural human interval.\u000a\u000a``` js\u000avar tw = new TypeWriter('.example-2-output', {\u000a    text: 'My intervals are randomised to look like a human is typing.',\u000a    interval: 'human'\u000a});\u000a\u000atw.type();\u000a```\u000a\u000a### Word by work, fixed interval\u000a\u000a``` js\u000avar tw = new TypeWriter('.example-3-output', {\u000a    text: 'I LOVE PRINTING THE MOST!',\u000a    interval: 500,\u000a    words: true\u000a});\u000a\u000atw.type();\u000a```\u000a\u000a### Letter by letter, random natural human interval with bounds specified and a callback on completion.\u000a\u000a``` js\u000avar tw = new TypeWriter('.example-4-output', {\u000a    text: 'Woah! So glad this is the last example I have to sit through.',\u000a    interval: 'human',\u000a    lowerBound: 30,\u000a    upperBound: 130\u000a});\u000a\u000atw.type(function() {\u000a    console.log('Finished typing now');\u000a});\u000a```\u000a\u000a### All options\u000a\u000a``` js\u000avar tw = new TypeWriter('selector', {\u000a    text: 'The text to write into the selector',\u000a    words: false, // Optional. Defaults to false.\u000a    interval: 'human' || 300, // Optional. Defaults to human.\u000a    lowerBound: 30 || null, // Optional. Defaults to 30ms\u000a    upperBound: 200 || null // Optional. Defaults to 200ms\u000a});\u000a\u000atw.type(callback)\u000a```\u000a"
40 error Changed: time.modified "2013-11-24T19:41:56.886Z" -> "2014-12-05T06:24:40.438Z"
40 error Added: time.0.0.2
40 error Changed: author.name "Fardjad Davari" -> "Connor Atherton"
40 error Deleted: author.email
40 error Changed: repository.url "https://github.com/fardjad/realistic-typewriter.js" -> "https://github.com/ConnorAtherton/typewriter.git"
40 error Changed: keywords.0 "realisitc-typewriter.js" -> "text"
40 error Deleted: keywords.1
40 error Deleted: contributors
40 error Changed: bugs.url "https://github.com/fardjad/realistic-typewriter.js/issues" -> "https://github.com/ConnorAtherton/typewriter/issues"
40 error Added: homepage
40 error Added: _attachments: typewriter
41 error If you need help, you may report this error at:
41 error     <http://github.com/npm/npm/issues>
42 verbose exit [ 1, true ]
